  Camera.cpp
c:\users\brandon\documents\github\double-damage\double damage!\source\my first opengl\camera.cpp(35): warning C4244: 'initializing': conversion from 'int' to 'float', possible loss of data
  Entity.cpp
  GameManager.cpp
  main.cpp
  Model.cpp
  Scene.cpp
  ShaderLoader.cpp
  Sound.cpp
  Sprite.cpp
c:\users\brandon\documents\github\double-damage\double damage!\source\my first opengl\sprite.cpp(234): warning C4244: '=': conversion from 'int' to 'float', possible loss of data
c:\users\brandon\documents\github\double-damage\double damage!\source\my first opengl\sprite.cpp(235): warning C4244: '=': conversion from 'int' to 'float', possible loss of data
c:\users\brandon\documents\github\double-damage\double damage!\source\my first opengl\sprite.cpp(241): warning C4244: '=': conversion from 'int' to 'float', possible loss of data
c:\users\brandon\documents\github\double-damage\double damage!\source\my first opengl\sprite.cpp(242): warning C4244: '=': conversion from 'int' to 'float', possible loss of data
c:\users\brandon\documents\github\double-damage\double damage!\source\my first opengl\sprite.cpp(248): warning C4244: '=': conversion from 'int' to 'float', possible loss of data
c:\users\brandon\documents\github\double-damage\double damage!\source\my first opengl\sprite.cpp(249): warning C4244: '=': conversion from 'int' to 'float', possible loss of data
c:\users\brandon\documents\github\double-damage\double damage!\source\my first opengl\sprite.cpp(255): warning C4244: '=': conversion from 'int' to 'float', possible loss of data
c:\users\brandon\documents\github\double-damage\double damage!\source\my first opengl\sprite.cpp(256): warning C4244: '=': conversion from 'int' to 'float', possible loss of data
  TextLabel.cpp
c:\users\brandon\documents\github\double-damage\double damage!\source\my first opengl\textlabel.h(10): warning C4067: unexpected tokens following preprocessor directive - expected a newline
c:\users\brandon\documents\github\double-damage\double damage!\source\my first opengl\textlabel.cpp(61): warning C4838: conversion from 'FT_Pos' to 'GLuint' requires a narrowing conversion
  Utils.cpp
  Generating Code...
LINK : warning LNK4098: defaultlib 'MSVCRT' conflicts with use of other libs; use /NODEFAULTLIB:library
  My First OpenGL.vcxproj -> C:\Users\Brandon\Documents\GitHub\Double-Damage\Double Damage!\source\Debug\My First OpenGL.exe
